<?xml version="1.0" encoding="UTF-8"?>
<testng-results ignored="0" total="1" passed="1" failed="0" skipped="0">
  <reporter-output>
    <line>
      <![CDATA[User entered dimension is - 765*654]]>
    </line>
    <line>
      <![CDATA[Title of the link Facebook – log in or sign up]]>
    </line>
  </reporter-output>
  <suite started-at="2024-03-27T12:27:04 IST" name="Default suite" finished-at="2024-03-27T12:27:32 IST" duration-ms="28089">
    <groups>
    </groups>
    <test started-at="2024-03-27T12:27:04 IST" name="Default test" finished-at="2024-03-27T12:27:32 IST" duration-ms="28089">
      <class name="uiTesting.ChromeUiTesting">
        <test-method signature="chrome()[pri:0, instance:uiTesting.ChromeUiTesting@f5ac9e4]" started-at="2024-03-27T12:27:04 IST" name="chrome" finished-at="2024-03-27T12:27:32 IST" duration-ms="27982" status="PASS">
          <reporter-output>
            <line>
              <![CDATA[User entered dimension is - 765*654]]>
            </line>
            <line>
              <![CDATA[Title of the link Facebook – log in or sign up]]>
            </line>
          </reporter-output>
        </test-method> <!-- chrome -->
      </class> <!-- uiTesting.ChromeUiTesting -->
    </test> <!-- Default test -->
  </suite> <!-- Default suite -->
</testng-results>
