<?xml version="1.0" encoding="UTF-8"?>
<testng-results ignored="0" total="1" passed="1" failed="0" skipped="0">
  <reporter-output>
    <line>
      <![CDATA[User entered dimension is - 360*640]]>
    </line>
    <line>
      <![CDATA[Title of the link Best Automatic Calling App For Business Owners - Calley PRO]]>
    </line>
  </reporter-output>
  <suite started-at="2024-03-27T13:41:00 IST" name="Default suite" finished-at="2024-03-27T13:41:30 IST" duration-ms="29660">
    <groups>
    </groups>
    <test started-at="2024-03-27T13:41:00 IST" name="Default test" finished-at="2024-03-27T13:41:30 IST" duration-ms="29660">
      <class name="uiTesting.FirefoxUiTesting">
        <test-method signature="firefox()[pri:0, instance:uiTesting.FirefoxUiTesting@f5ac9e4]" started-at="2024-03-27T13:41:01 IST" name="firefox" finished-at="2024-03-27T13:41:30 IST" duration-ms="29528" status="PASS">
          <reporter-output>
            <line>
              <![CDATA[User entered dimension is - 360*640]]>
            </line>
            <line>
              <![CDATA[Title of the link Best Automatic Calling App For Business Owners - Calley PRO]]>
            </line>
          </reporter-output>
        </test-method> <!-- firefox -->
      </class> <!-- uiTesting.FirefoxUiTesting -->
    </test> <!-- Default test -->
  </suite> <!-- Default suite -->
</testng-results>
