<?xml version="1.0" encoding="UTF-8"?>
<testng-results ignored="0" total="1" passed="1" failed="0" skipped="0">
  <reporter-output>
    <line>
      <![CDATA[User entered dimension is - 1080*875]]>
    </line>
    <line>
      <![CDATA[Title of the link Calley Automatic Call Dialer For Android & IOS Phones]]>
    </line>
  </reporter-output>
  <suite started-at="2024-03-27T13:17:16 IST" name="Default suite" finished-at="2024-03-27T13:17:45 IST" duration-ms="29016">
    <groups>
    </groups>
    <test started-at="2024-03-27T13:17:16 IST" name="Default test" finished-at="2024-03-27T13:17:45 IST" duration-ms="29016">
      <class name="uiTesting.EdgeUiTesting">
        <test-method signature="edge()[pri:0, instance:uiTesting.EdgeUiTesting@f5ac9e4]" started-at="2024-03-27T13:17:17 IST" name="edge" finished-at="2024-03-27T13:17:45 IST" duration-ms="28823" status="PASS">
          <reporter-output>
            <line>
              <![CDATA[User entered dimension is - 1080*875]]>
            </line>
            <line>
              <![CDATA[Title of the link Calley Automatic Call Dialer For Android & IOS Phones]]>
            </line>
          </reporter-output>
        </test-method> <!-- edge -->
      </class> <!-- uiTesting.EdgeUiTesting -->
    </test> <!-- Default test -->
  </suite> <!-- Default suite -->
</testng-results>
